Error: Cannot find module './models/NetworkRequest'
Require stack:
- /home/ec2-user/AXO-Project/server.js
    at Module._resolveFilename (node:internal/modules/cjs/loader:1421:15)
    at Hook._require.Module.require (/home/ec2-user/.npm-global/lib/node_modules/pm2/node_modules/require-in-the-middle/index.js:81:25)
    at require (node:internal/modules/helpers:152:16)
    at Object.<anonymous> (/home/ec2-user/AXO-Project/server.js:60:24)
    at Module._compile (node:internal/modules/cjs/loader:1761:14)
    at Object..js (node:internal/modules/cjs/loader:1893:10)
    at Module.load (node:internal/modules/cjs/loader:1481:32)
    at Module._load (node:internal/modules/cjs/loader:1300:12)
    at Object.<anonymous> (/home/ec2-user/.npm-global/lib/node_modules/pm2/lib/ProcessContainerFork.js:33:23)
    at Module._compile (node:internal/modules/cjs/loader:1761:14) {
  code: 'MODULE_NOT_FOUND',
  requireStack: [ '/home/ec2-user/AXO-Project/server.js' ]
}
Error: Cannot find module './models/NetworkRequest'
Require stack:
- /home/ec2-user/AXO-Project/server.js
    at Module._resolveFilename (node:internal/modules/cjs/loader:1421:15)
    at Hook._require.Module.require (/home/ec2-user/.npm-global/lib/node_modules/pm2/node_modules/require-in-the-middle/index.js:81:25)
    at require (node:internal/modules/helpers:152:16)
    at Object.<anonymous> (/home/ec2-user/AXO-Project/server.js:60:24)
    at Module._compile (node:internal/modules/cjs/loader:1761:14)
    at Object..js (node:internal/modules/cjs/loader:1893:10)
    at Module.load (node:internal/modules/cjs/loader:1481:32)
    at Module._load (node:internal/modules/cjs/loader:1300:12)
    at Object.<anonymous> (/home/ec2-user/.npm-global/lib/node_modules/pm2/lib/ProcessContainerFork.js:33:23)
    at Module._compile (node:internal/modules/cjs/loader:1761:14) {
  code: 'MODULE_NOT_FOUND',
  requireStack: [ '/home/ec2-user/AXO-Project/server.js' ]
}
Error: Cannot find module './models/NetworkRequest'
Require stack:
- /home/ec2-user/AXO-Project/server.js
    at Module._resolveFilename (node:internal/modules/cjs/loader:1421:15)
    at Hook._require.Module.require (/home/ec2-user/.npm-global/lib/node_modules/pm2/node_modules/require-in-the-middle/index.js:81:25)
    at require (node:internal/modules/helpers:152:16)
    at Object.<anonymous> (/home/ec2-user/AXO-Project/server.js:60:24)
    at Module._compile (node:internal/modules/cjs/loader:1761:14)
    at Object..js (node:internal/modules/cjs/loader:1893:10)
    at Module.load (node:internal/modules/cjs/loader:1481:32)
    at Module._load (node:internal/modules/cjs/loader:1300:12)
    at Object.<anonymous> (/home/ec2-user/.npm-global/lib/node_modules/pm2/lib/ProcessContainerFork.js:33:23)
    at Module._compile (node:internal/modules/cjs/loader:1761:14) {
  code: 'MODULE_NOT_FOUND',
  requireStack: [ '/home/ec2-user/AXO-Project/server.js' ]
}
Error: Cannot find module './models/NetworkRequest'
Require stack:
- /home/ec2-user/AXO-Project/server.js
    at Module._resolveFilename (node:internal/modules/cjs/loader:1421:15)
    at Hook._require.Module.require (/home/ec2-user/.npm-global/lib/node_modules/pm2/node_modules/require-in-the-middle/index.js:81:25)
    at require (node:internal/modules/helpers:152:16)
    at Object.<anonymous> (/home/ec2-user/AXO-Project/server.js:60:24)
    at Module._compile (node:internal/modules/cjs/loader:1761:14)
    at Object..js (node:internal/modules/cjs/loader:1893:10)
    at Module.load (node:internal/modules/cjs/loader:1481:32)
    at Module._load (node:internal/modules/cjs/loader:1300:12)
    at Object.<anonymous> (/home/ec2-user/.npm-global/lib/node_modules/pm2/lib/ProcessContainerFork.js:33:23)
    at Module._compile (node:internal/modules/cjs/loader:1761:14) {
  code: 'MODULE_NOT_FOUND',
  requireStack: [ '/home/ec2-user/AXO-Project/server.js' ]
}
Error: Cannot find module './models/NetworkRequest'
Require stack:
- /home/ec2-user/AXO-Project/server.js
    at Module._resolveFilename (node:internal/modules/cjs/loader:1421:15)
    at Hook._require.Module.require (/home/ec2-user/.npm-global/lib/node_modules/pm2/node_modules/require-in-the-middle/index.js:81:25)
    at require (node:internal/modules/helpers:152:16)
    at Object.<anonymous> (/home/ec2-user/AXO-Project/server.js:60:24)
    at Module._compile (node:internal/modules/cjs/loader:1761:14)
    at Object..js (node:internal/modules/cjs/loader:1893:10)
    at Module.load (node:internal/modules/cjs/loader:1481:32)
    at Module._load (node:internal/modules/cjs/loader:1300:12)
    at Object.<anonymous> (/home/ec2-user/.npm-global/lib/node_modules/pm2/lib/ProcessContainerFork.js:33:23)
    at Module._compile (node:internal/modules/cjs/loader:1761:14) {
  code: 'MODULE_NOT_FOUND',
  requireStack: [ '/home/ec2-user/AXO-Project/server.js' ]
}
Error: Cannot find module './models/NetworkRequest'
Require stack:
- /home/ec2-user/AXO-Project/server.js
    at Module._resolveFilename (node:internal/modules/cjs/loader:1421:15)
    at Hook._require.Module.require (/home/ec2-user/.npm-global/lib/node_modules/pm2/node_modules/require-in-the-middle/index.js:81:25)
    at require (node:internal/modules/helpers:152:16)
    at Object.<anonymous> (/home/ec2-user/AXO-Project/server.js:60:24)
    at Module._compile (node:internal/modules/cjs/loader:1761:14)
    at Object..js (node:internal/modules/cjs/loader:1893:10)
    at Module.load (node:internal/modules/cjs/loader:1481:32)
    at Module._load (node:internal/modules/cjs/loader:1300:12)
    at Object.<anonymous> (/home/ec2-user/.npm-global/lib/node_modules/pm2/lib/ProcessContainerFork.js:33:23)
    at Module._compile (node:internal/modules/cjs/loader:1761:14) {
  code: 'MODULE_NOT_FOUND',
  requireStack: [ '/home/ec2-user/AXO-Project/server.js' ]
}
Error: Cannot find module './models/NetworkRequest'
Require stack:
- /home/ec2-user/AXO-Project/server.js
    at Module._resolveFilename (node:internal/modules/cjs/loader:1421:15)
    at Hook._require.Module.require (/home/ec2-user/.npm-global/lib/node_modules/pm2/node_modules/require-in-the-middle/index.js:81:25)
    at require (node:internal/modules/helpers:152:16)
    at Object.<anonymous> (/home/ec2-user/AXO-Project/server.js:60:24)
    at Module._compile (node:internal/modules/cjs/loader:1761:14)
    at Object..js (node:internal/modules/cjs/loader:1893:10)
    at Module.load (node:internal/modules/cjs/loader:1481:32)
    at Module._load (node:internal/modules/cjs/loader:1300:12)
    at Object.<anonymous> (/home/ec2-user/.npm-global/lib/node_modules/pm2/lib/ProcessContainerFork.js:33:23)
    at Module._compile (node:internal/modules/cjs/loader:1761:14) {
  code: 'MODULE_NOT_FOUND',
  requireStack: [ '/home/ec2-user/AXO-Project/server.js' ]
}
Error: Cannot find module './models/NetworkRequest'
Require stack:
- /home/ec2-user/AXO-Project/server.js
    at Module._resolveFilename (node:internal/modules/cjs/loader:1421:15)
    at Hook._require.Module.require (/home/ec2-user/.npm-global/lib/node_modules/pm2/node_modules/require-in-the-middle/index.js:81:25)
    at require (node:internal/modules/helpers:152:16)
    at Object.<anonymous> (/home/ec2-user/AXO-Project/server.js:60:24)
    at Module._compile (node:internal/modules/cjs/loader:1761:14)
    at Object..js (node:internal/modules/cjs/loader:1893:10)
    at Module.load (node:internal/modules/cjs/loader:1481:32)
    at Module._load (node:internal/modules/cjs/loader:1300:12)
    at Object.<anonymous> (/home/ec2-user/.npm-global/lib/node_modules/pm2/lib/ProcessContainerFork.js:33:23)
    at Module._compile (node:internal/modules/cjs/loader:1761:14) {
  code: 'MODULE_NOT_FOUND',
  requireStack: [ '/home/ec2-user/AXO-Project/server.js' ]
}
Error: Cannot find module './models/NetworkRequest'
Require stack:
- /home/ec2-user/AXO-Project/server.js
    at Module._resolveFilename (node:internal/modules/cjs/loader:1421:15)
    at Hook._require.Module.require (/home/ec2-user/.npm-global/lib/node_modules/pm2/node_modules/require-in-the-middle/index.js:81:25)
    at require (node:internal/modules/helpers:152:16)
    at Object.<anonymous> (/home/ec2-user/AXO-Project/server.js:60:24)
    at Module._compile (node:internal/modules/cjs/loader:1761:14)
    at Object..js (node:internal/modules/cjs/loader:1893:10)
    at Module.load (node:internal/modules/cjs/loader:1481:32)
    at Module._load (node:internal/modules/cjs/loader:1300:12)
    at Object.<anonymous> (/home/ec2-user/.npm-global/lib/node_modules/pm2/lib/ProcessContainerFork.js:33:23)
    at Module._compile (node:internal/modules/cjs/loader:1761:14) {
  code: 'MODULE_NOT_FOUND',
  requireStack: [ '/home/ec2-user/AXO-Project/server.js' ]
}
Error: Cannot find module './models/NetworkRequest'
Require stack:
- /home/ec2-user/AXO-Project/server.js
    at Module._resolveFilename (node:internal/modules/cjs/loader:1421:15)
    at Hook._require.Module.require (/home/ec2-user/.npm-global/lib/node_modules/pm2/node_modules/require-in-the-middle/index.js:81:25)
    at require (node:internal/modules/helpers:152:16)
    at Object.<anonymous> (/home/ec2-user/AXO-Project/server.js:60:24)
    at Module._compile (node:internal/modules/cjs/loader:1761:14)
    at Object..js (node:internal/modules/cjs/loader:1893:10)
    at Module.load (node:internal/modules/cjs/loader:1481:32)
    at Module._load (node:internal/modules/cjs/loader:1300:12)
    at Object.<anonymous> (/home/ec2-user/.npm-global/lib/node_modules/pm2/lib/ProcessContainerFork.js:33:23)
    at Module._compile (node:internal/modules/cjs/loader:1761:14) {
  code: 'MODULE_NOT_FOUND',
  requireStack: [ '/home/ec2-user/AXO-Project/server.js' ]
}
Error: Cannot find module './models/NetworkRequest'
Require stack:
- /home/ec2-user/AXO-Project/server.js
    at Module._resolveFilename (node:internal/modules/cjs/loader:1421:15)
    at Hook._require.Module.require (/home/ec2-user/.npm-global/lib/node_modules/pm2/node_modules/require-in-the-middle/index.js:81:25)
    at require (node:internal/modules/helpers:152:16)
    at Object.<anonymous> (/home/ec2-user/AXO-Project/server.js:60:24)
    at Module._compile (node:internal/modules/cjs/loader:1761:14)
    at Object..js (node:internal/modules/cjs/loader:1893:10)
    at Module.load (node:internal/modules/cjs/loader:1481:32)
    at Module._load (node:internal/modules/cjs/loader:1300:12)
    at Object.<anonymous> (/home/ec2-user/.npm-global/lib/node_modules/pm2/lib/ProcessContainerFork.js:33:23)
    at Module._compile (node:internal/modules/cjs/loader:1761:14) {
  code: 'MODULE_NOT_FOUND',
  requireStack: [ '/home/ec2-user/AXO-Project/server.js' ]
}
Error: Cannot find module './models/NetworkRequest'
Require stack:
- /home/ec2-user/AXO-Project/server.js
    at Module._resolveFilename (node:internal/modules/cjs/loader:1421:15)
    at Hook._require.Module.require (/home/ec2-user/.npm-global/lib/node_modules/pm2/node_modules/require-in-the-middle/index.js:81:25)
    at require (node:internal/modules/helpers:152:16)
    at Object.<anonymous> (/home/ec2-user/AXO-Project/server.js:60:24)
    at Module._compile (node:internal/modules/cjs/loader:1761:14)
    at Object..js (node:internal/modules/cjs/loader:1893:10)
    at Module.load (node:internal/modules/cjs/loader:1481:32)
    at Module._load (node:internal/modules/cjs/loader:1300:12)
    at Object.<anonymous> (/home/ec2-user/.npm-global/lib/node_modules/pm2/lib/ProcessContainerFork.js:33:23)
    at Module._compile (node:internal/modules/cjs/loader:1761:14) {
  code: 'MODULE_NOT_FOUND',
  requireStack: [ '/home/ec2-user/AXO-Project/server.js' ]
}
Error: Cannot find module './models/NetworkRequest'
Require stack:
- /home/ec2-user/AXO-Project/server.js
    at Module._resolveFilename (node:internal/modules/cjs/loader:1421:15)
    at Hook._require.Module.require (/home/ec2-user/.npm-global/lib/node_modules/pm2/node_modules/require-in-the-middle/index.js:81:25)
    at require (node:internal/modules/helpers:152:16)
    at Object.<anonymous> (/home/ec2-user/AXO-Project/server.js:60:24)
    at Module._compile (node:internal/modules/cjs/loader:1761:14)
    at Object..js (node:internal/modules/cjs/loader:1893:10)
    at Module.load (node:internal/modules/cjs/loader:1481:32)
    at Module._load (node:internal/modules/cjs/loader:1300:12)
    at Object.<anonymous> (/home/ec2-user/.npm-global/lib/node_modules/pm2/lib/ProcessContainerFork.js:33:23)
    at Module._compile (node:internal/modules/cjs/loader:1761:14) {
  code: 'MODULE_NOT_FOUND',
  requireStack: [ '/home/ec2-user/AXO-Project/server.js' ]
}
Error: Cannot find module './models/NetworkRequest'
Require stack:
- /home/ec2-user/AXO-Project/server.js
    at Module._resolveFilename (node:internal/modules/cjs/loader:1421:15)
    at Hook._require.Module.require (/home/ec2-user/.npm-global/lib/node_modules/pm2/node_modules/require-in-the-middle/index.js:81:25)
    at require (node:internal/modules/helpers:152:16)
    at Object.<anonymous> (/home/ec2-user/AXO-Project/server.js:60:24)
    at Module._compile (node:internal/modules/cjs/loader:1761:14)
    at Object..js (node:internal/modules/cjs/loader:1893:10)
    at Module.load (node:internal/modules/cjs/loader:1481:32)
    at Module._load (node:internal/modules/cjs/loader:1300:12)
    at Object.<anonymous> (/home/ec2-user/.npm-global/lib/node_modules/pm2/lib/ProcessContainerFork.js:33:23)
    at Module._compile (node:internal/modules/cjs/loader:1761:14) {
  code: 'MODULE_NOT_FOUND',
  requireStack: [ '/home/ec2-user/AXO-Project/server.js' ]
}
Error: Cannot find module './models/NetworkRequest'
Require stack:
- /home/ec2-user/AXO-Project/server.js
    at Module._resolveFilename (node:internal/modules/cjs/loader:1421:15)
    at Hook._require.Module.require (/home/ec2-user/.npm-global/lib/node_modules/pm2/node_modules/require-in-the-middle/index.js:81:25)
    at require (node:internal/modules/helpers:152:16)
    at Object.<anonymous> (/home/ec2-user/AXO-Project/server.js:60:24)
    at Module._compile (node:internal/modules/cjs/loader:1761:14)
    at Object..js (node:internal/modules/cjs/loader:1893:10)
    at Module.load (node:internal/modules/cjs/loader:1481:32)
    at Module._load (node:internal/modules/cjs/loader:1300:12)
    at Object.<anonymous> (/home/ec2-user/.npm-global/lib/node_modules/pm2/lib/ProcessContainerFork.js:33:23)
    at Module._compile (node:internal/modules/cjs/loader:1761:14) {
  code: 'MODULE_NOT_FOUND',
  requireStack: [ '/home/ec2-user/AXO-Project/server.js' ]
}
Error: Cannot find module './models/NetworkRequest'
Require stack:
- /home/ec2-user/AXO-Project/server.js
    at Module._resolveFilename (node:internal/modules/cjs/loader:1421:15)
    at Hook._require.Module.require (/home/ec2-user/.npm-global/lib/node_modules/pm2/node_modules/require-in-the-middle/index.js:81:25)
    at require (node:internal/modules/helpers:152:16)
    at Object.<anonymous> (/home/ec2-user/AXO-Project/server.js:60:24)
    at Module._compile (node:internal/modules/cjs/loader:1761:14)
    at Object..js (node:internal/modules/cjs/loader:1893:10)
    at Module.load (node:internal/modules/cjs/loader:1481:32)
    at Module._load (node:internal/modules/cjs/loader:1300:12)
    at Object.<anonymous> (/home/ec2-user/.npm-global/lib/node_modules/pm2/lib/ProcessContainerFork.js:33:23)
    at Module._compile (node:internal/modules/cjs/loader:1761:14) {
  code: 'MODULE_NOT_FOUND',
  requireStack: [ '/home/ec2-user/AXO-Project/server.js' ]
}
Error: Cannot find module './models/NetworkRequest'
Require stack:
- /home/ec2-user/AXO-Project/server.js
    at Module._resolveFilename (node:internal/modules/cjs/loader:1421:15)
    at Hook._require.Module.require (/home/ec2-user/.npm-global/lib/node_modules/pm2/node_modules/require-in-the-middle/index.js:81:25)
    at require (node:internal/modules/helpers:152:16)
    at Object.<anonymous> (/home/ec2-user/AXO-Project/server.js:60:24)
    at Module._compile (node:internal/modules/cjs/loader:1761:14)
    at Object..js (node:internal/modules/cjs/loader:1893:10)
    at Module.load (node:internal/modules/cjs/loader:1481:32)
    at Module._load (node:internal/modules/cjs/loader:1300:12)
    at Object.<anonymous> (/home/ec2-user/.npm-global/lib/node_modules/pm2/lib/ProcessContainerFork.js:33:23)
    at Module._compile (node:internal/modules/cjs/loader:1761:14) {
  code: 'MODULE_NOT_FOUND',
  requireStack: [ '/home/ec2-user/AXO-Project/server.js' ]
}
Error: Cannot find module './models/NetworkRequest'
Require stack:
- /home/ec2-user/AXO-Project/server.js
    at Module._resolveFilename (node:internal/modules/cjs/loader:1421:15)
    at Hook._require.Module.require (/home/ec2-user/.npm-global/lib/node_modules/pm2/node_modules/require-in-the-middle/index.js:81:25)
    at require (node:internal/modules/helpers:152:16)
    at Object.<anonymous> (/home/ec2-user/AXO-Project/server.js:60:24)
    at Module._compile (node:internal/modules/cjs/loader:1761:14)
    at Object..js (node:internal/modules/cjs/loader:1893:10)
    at Module.load (node:internal/modules/cjs/loader:1481:32)
    at Module._load (node:internal/modules/cjs/loader:1300:12)
    at Object.<anonymous> (/home/ec2-user/.npm-global/lib/node_modules/pm2/lib/ProcessContainerFork.js:33:23)
    at Module._compile (node:internal/modules/cjs/loader:1761:14) {
  code: 'MODULE_NOT_FOUND',
  requireStack: [ '/home/ec2-user/AXO-Project/server.js' ]
}
Error: Cannot find module './models/NetworkRequest'
Require stack:
- /home/ec2-user/AXO-Project/server.js
    at Module._resolveFilename (node:internal/modules/cjs/loader:1421:15)
    at Hook._require.Module.require (/home/ec2-user/.npm-global/lib/node_modules/pm2/node_modules/require-in-the-middle/index.js:81:25)
    at require (node:internal/modules/helpers:152:16)
    at Object.<anonymous> (/home/ec2-user/AXO-Project/server.js:60:24)
    at Module._compile (node:internal/modules/cjs/loader:1761:14)
    at Object..js (node:internal/modules/cjs/loader:1893:10)
    at Module.load (node:internal/modules/cjs/loader:1481:32)
    at Module._load (node:internal/modules/cjs/loader:1300:12)
    at Object.<anonymous> (/home/ec2-user/.npm-global/lib/node_modules/pm2/lib/ProcessContainerFork.js:33:23)
    at Module._compile (node:internal/modules/cjs/loader:1761:14) {
  code: 'MODULE_NOT_FOUND',
  requireStack: [ '/home/ec2-user/AXO-Project/server.js' ]
}
Error: Cannot find module './models/NetworkRequest'
Require stack:
- /home/ec2-user/AXO-Project/server.js
    at Module._resolveFilename (node:internal/modules/cjs/loader:1421:15)
    at Hook._require.Module.require (/home/ec2-user/.npm-global/lib/node_modules/pm2/node_modules/require-in-the-middle/index.js:81:25)
    at require (node:internal/modules/helpers:152:16)
    at Object.<anonymous> (/home/ec2-user/AXO-Project/server.js:60:24)
    at Module._compile (node:internal/modules/cjs/loader:1761:14)
    at Object..js (node:internal/modules/cjs/loader:1893:10)
    at Module.load (node:internal/modules/cjs/loader:1481:32)
    at Module._load (node:internal/modules/cjs/loader:1300:12)
    at Object.<anonymous> (/home/ec2-user/.npm-global/lib/node_modules/pm2/lib/ProcessContainerFork.js:33:23)
    at Module._compile (node:internal/modules/cjs/loader:1761:14) {
  code: 'MODULE_NOT_FOUND',
  requireStack: [ '/home/ec2-user/AXO-Project/server.js' ]
}
Error: Cannot find module './models/NetworkRequest'
Require stack:
- /home/ec2-user/AXO-Project/server.js
    at Module._resolveFilename (node:internal/modules/cjs/loader:1421:15)
    at Hook._require.Module.require (/home/ec2-user/.npm-global/lib/node_modules/pm2/node_modules/require-in-the-middle/index.js:81:25)
    at require (node:internal/modules/helpers:152:16)
    at Object.<anonymous> (/home/ec2-user/AXO-Project/server.js:60:24)
    at Module._compile (node:internal/modules/cjs/loader:1761:14)
    at Object..js (node:internal/modules/cjs/loader:1893:10)
    at Module.load (node:internal/modules/cjs/loader:1481:32)
    at Module._load (node:internal/modules/cjs/loader:1300:12)
    at Object.<anonymous> (/home/ec2-user/.npm-global/lib/node_modules/pm2/lib/ProcessContainerFork.js:33:23)
    at Module._compile (node:internal/modules/cjs/loader:1761:14) {
  code: 'MODULE_NOT_FOUND',
  requireStack: [ '/home/ec2-user/AXO-Project/server.js' ]
}
Error: Cannot find module './models/NetworkRequest'
Require stack:
- /home/ec2-user/AXO-Project/server.js
    at Module._resolveFilename (node:internal/modules/cjs/loader:1421:15)
    at Hook._require.Module.require (/home/ec2-user/.npm-global/lib/node_modules/pm2/node_modules/require-in-the-middle/index.js:81:25)
    at require (node:internal/modules/helpers:152:16)
    at Object.<anonymous> (/home/ec2-user/AXO-Project/server.js:60:24)
    at Module._compile (node:internal/modules/cjs/loader:1761:14)
    at Object..js (node:internal/modules/cjs/loader:1893:10)
    at Module.load (node:internal/modules/cjs/loader:1481:32)
    at Module._load (node:internal/modules/cjs/loader:1300:12)
    at Object.<anonymous> (/home/ec2-user/.npm-global/lib/node_modules/pm2/lib/ProcessContainerFork.js:33:23)
    at Module._compile (node:internal/modules/cjs/loader:1761:14) {
  code: 'MODULE_NOT_FOUND',
  requireStack: [ '/home/ec2-user/AXO-Project/server.js' ]
}
Error: Cannot find module './models/NetworkRequest'
Require stack:
- /home/ec2-user/AXO-Project/server.js
    at Module._resolveFilename (node:internal/modules/cjs/loader:1421:15)
    at Hook._require.Module.require (/home/ec2-user/.npm-global/lib/node_modules/pm2/node_modules/require-in-the-middle/index.js:81:25)
    at require (node:internal/modules/helpers:152:16)
    at Object.<anonymous> (/home/ec2-user/AXO-Project/server.js:60:24)
    at Module._compile (node:internal/modules/cjs/loader:1761:14)
    at Object..js (node:internal/modules/cjs/loader:1893:10)
    at Module.load (node:internal/modules/cjs/loader:1481:32)
    at Module._load (node:internal/modules/cjs/loader:1300:12)
    at Object.<anonymous> (/home/ec2-user/.npm-global/lib/node_modules/pm2/lib/ProcessContainerFork.js:33:23)
    at Module._compile (node:internal/modules/cjs/loader:1761:14) {
  code: 'MODULE_NOT_FOUND',
  requireStack: [ '/home/ec2-user/AXO-Project/server.js' ]
}
Error: Cannot find module './models/NetworkRequest'
Require stack:
- /home/ec2-user/AXO-Project/server.js
    at Module._resolveFilename (node:internal/modules/cjs/loader:1421:15)
    at Hook._require.Module.require (/home/ec2-user/.npm-global/lib/node_modules/pm2/node_modules/require-in-the-middle/index.js:81:25)
    at require (node:internal/modules/helpers:152:16)
    at Object.<anonymous> (/home/ec2-user/AXO-Project/server.js:60:24)
    at Module._compile (node:internal/modules/cjs/loader:1761:14)
    at Object..js (node:internal/modules/cjs/loader:1893:10)
    at Module.load (node:internal/modules/cjs/loader:1481:32)
    at Module._load (node:internal/modules/cjs/loader:1300:12)
    at Object.<anonymous> (/home/ec2-user/.npm-global/lib/node_modules/pm2/lib/ProcessContainerFork.js:33:23)
    at Module._compile (node:internal/modules/cjs/loader:1761:14) {
  code: 'MODULE_NOT_FOUND',
  requireStack: [ '/home/ec2-user/AXO-Project/server.js' ]
}
Error: Cannot find module './models/NetworkRequest'
Require stack:
- /home/ec2-user/AXO-Project/server.js
    at Module._resolveFilename (node:internal/modules/cjs/loader:1421:15)
    at Hook._require.Module.require (/home/ec2-user/.npm-global/lib/node_modules/pm2/node_modules/require-in-the-middle/index.js:81:25)
    at require (node:internal/modules/helpers:152:16)
    at Object.<anonymous> (/home/ec2-user/AXO-Project/server.js:60:24)
    at Module._compile (node:internal/modules/cjs/loader:1761:14)
    at Object..js (node:internal/modules/cjs/loader:1893:10)
    at Module.load (node:internal/modules/cjs/loader:1481:32)
    at Module._load (node:internal/modules/cjs/loader:1300:12)
    at Object.<anonymous> (/home/ec2-user/.npm-global/lib/node_modules/pm2/lib/ProcessContainerFork.js:33:23)
    at Module._compile (node:internal/modules/cjs/loader:1761:14) {
  code: 'MODULE_NOT_FOUND',
  requireStack: [ '/home/ec2-user/AXO-Project/server.js' ]
}
Error: Cannot find module './models/NetworkRequest'
Require stack:
- /home/ec2-user/AXO-Project/server.js
    at Module._resolveFilename (node:internal/modules/cjs/loader:1421:15)
    at Hook._require.Module.require (/home/ec2-user/.npm-global/lib/node_modules/pm2/node_modules/require-in-the-middle/index.js:81:25)
    at require (node:internal/modules/helpers:152:16)
    at Object.<anonymous> (/home/ec2-user/AXO-Project/server.js:60:24)
    at Module._compile (node:internal/modules/cjs/loader:1761:14)
    at Object..js (node:internal/modules/cjs/loader:1893:10)
    at Module.load (node:internal/modules/cjs/loader:1481:32)
    at Module._load (node:internal/modules/cjs/loader:1300:12)
    at Object.<anonymous> (/home/ec2-user/.npm-global/lib/node_modules/pm2/lib/ProcessContainerFork.js:33:23)
    at Module._compile (node:internal/modules/cjs/loader:1761:14) {
  code: 'MODULE_NOT_FOUND',
  requireStack: [ '/home/ec2-user/AXO-Project/server.js' ]
}
Error: Cannot find module './models/NetworkRequest'
Require stack:
- /home/ec2-user/AXO-Project/server.js
    at Module._resolveFilename (node:internal/modules/cjs/loader:1421:15)
    at Hook._require.Module.require (/home/ec2-user/.npm-global/lib/node_modules/pm2/node_modules/require-in-the-middle/index.js:81:25)
    at require (node:internal/modules/helpers:152:16)
    at Object.<anonymous> (/home/ec2-user/AXO-Project/server.js:60:24)
    at Module._compile (node:internal/modules/cjs/loader:1761:14)
    at Object..js (node:internal/modules/cjs/loader:1893:10)
    at Module.load (node:internal/modules/cjs/loader:1481:32)
    at Module._load (node:internal/modules/cjs/loader:1300:12)
    at Object.<anonymous> (/home/ec2-user/.npm-global/lib/node_modules/pm2/lib/ProcessContainerFork.js:33:23)
    at Module._compile (node:internal/modules/cjs/loader:1761:14) {
  code: 'MODULE_NOT_FOUND',
  requireStack: [ '/home/ec2-user/AXO-Project/server.js' ]
}
Error: Cannot find module './models/NetworkRequest'
Require stack:
- /home/ec2-user/AXO-Project/server.js
    at Module._resolveFilename (node:internal/modules/cjs/loader:1421:15)
    at Hook._require.Module.require (/home/ec2-user/.npm-global/lib/node_modules/pm2/node_modules/require-in-the-middle/index.js:81:25)
    at require (node:internal/modules/helpers:152:16)
    at Object.<anonymous> (/home/ec2-user/AXO-Project/server.js:60:24)
    at Module._compile (node:internal/modules/cjs/loader:1761:14)
    at Object..js (node:internal/modules/cjs/loader:1893:10)
    at Module.load (node:internal/modules/cjs/loader:1481:32)
    at Module._load (node:internal/modules/cjs/loader:1300:12)
    at Object.<anonymous> (/home/ec2-user/.npm-global/lib/node_modules/pm2/lib/ProcessContainerFork.js:33:23)
    at Module._compile (node:internal/modules/cjs/loader:1761:14) {
  code: 'MODULE_NOT_FOUND',
  requireStack: [ '/home/ec2-user/AXO-Project/server.js' ]
}
Error: Cannot find module './models/NetworkRequest'
Require stack:
- /home/ec2-user/AXO-Project/server.js
    at Module._resolveFilename (node:internal/modules/cjs/loader:1421:15)
    at Hook._require.Module.require (/home/ec2-user/.npm-global/lib/node_modules/pm2/node_modules/require-in-the-middle/index.js:81:25)
    at require (node:internal/modules/helpers:152:16)
    at Object.<anonymous> (/home/ec2-user/AXO-Project/server.js:60:24)
    at Module._compile (node:internal/modules/cjs/loader:1761:14)
    at Object..js (node:internal/modules/cjs/loader:1893:10)
    at Module.load (node:internal/modules/cjs/loader:1481:32)
    at Module._load (node:internal/modules/cjs/loader:1300:12)
    at Object.<anonymous> (/home/ec2-user/.npm-global/lib/node_modules/pm2/lib/ProcessContainerFork.js:33:23)
    at Module._compile (node:internal/modules/cjs/loader:1761:14) {
  code: 'MODULE_NOT_FOUND',
  requireStack: [ '/home/ec2-user/AXO-Project/server.js' ]
}
Error: Cannot find module './models/NetworkRequest'
Require stack:
- /home/ec2-user/AXO-Project/server.js
    at Module._resolveFilename (node:internal/modules/cjs/loader:1421:15)
    at Hook._require.Module.require (/home/ec2-user/.npm-global/lib/node_modules/pm2/node_modules/require-in-the-middle/index.js:81:25)
    at require (node:internal/modules/helpers:152:16)
    at Object.<anonymous> (/home/ec2-user/AXO-Project/server.js:60:24)
    at Module._compile (node:internal/modules/cjs/loader:1761:14)
    at Object..js (node:internal/modules/cjs/loader:1893:10)
    at Module.load (node:internal/modules/cjs/loader:1481:32)
    at Module._load (node:internal/modules/cjs/loader:1300:12)
    at Object.<anonymous> (/home/ec2-user/.npm-global/lib/node_modules/pm2/lib/ProcessContainerFork.js:33:23)
    at Module._compile (node:internal/modules/cjs/loader:1761:14) {
  code: 'MODULE_NOT_FOUND',
  requireStack: [ '/home/ec2-user/AXO-Project/server.js' ]
}
Error: Cannot find module './models/NetworkRequest'
Require stack:
- /home/ec2-user/AXO-Project/server.js
    at Module._resolveFilename (node:internal/modules/cjs/loader:1421:15)
    at Hook._require.Module.require (/home/ec2-user/.npm-global/lib/node_modules/pm2/node_modules/require-in-the-middle/index.js:81:25)
    at require (node:internal/modules/helpers:152:16)
    at Object.<anonymous> (/home/ec2-user/AXO-Project/server.js:60:24)
    at Module._compile (node:internal/modules/cjs/loader:1761:14)
    at Object..js (node:internal/modules/cjs/loader:1893:10)
    at Module.load (node:internal/modules/cjs/loader:1481:32)
    at Module._load (node:internal/modules/cjs/loader:1300:12)
    at Object.<anonymous> (/home/ec2-user/.npm-global/lib/node_modules/pm2/lib/ProcessContainerFork.js:33:23)
    at Module._compile (node:internal/modules/cjs/loader:1761:14) {
  code: 'MODULE_NOT_FOUND',
  requireStack: [ '/home/ec2-user/AXO-Project/server.js' ]
}
Error: Cannot find module './models/NetworkRequest'
Require stack:
- /home/ec2-user/AXO-Project/server.js
    at Module._resolveFilename (node:internal/modules/cjs/loader:1421:15)
    at Hook._require.Module.require (/home/ec2-user/.npm-global/lib/node_modules/pm2/node_modules/require-in-the-middle/index.js:81:25)
    at require (node:internal/modules/helpers:152:16)
    at Object.<anonymous> (/home/ec2-user/AXO-Project/server.js:60:24)
    at Module._compile (node:internal/modules/cjs/loader:1761:14)
    at Object..js (node:internal/modules/cjs/loader:1893:10)
    at Module.load (node:internal/modules/cjs/loader:1481:32)
    at Module._load (node:internal/modules/cjs/loader:1300:12)
    at Object.<anonymous> (/home/ec2-user/.npm-global/lib/node_modules/pm2/lib/ProcessContainerFork.js:33:23)
    at Module._compile (node:internal/modules/cjs/loader:1761:14) {
  code: 'MODULE_NOT_FOUND',
  requireStack: [ '/home/ec2-user/AXO-Project/server.js' ]
}
